<?xml version="1.0" encoding="UTF-8"?>
<!-- Generated by org.testng.reporters.JUnitXMLReporter -->
<testsuite ignored="0" hostname="DESKTOP-J0IH0I7" failures="0" tests="1" name="Test" time="58.895" errors="0" timestamp="2023-08-22T16:58:14 IST">
  <testcase classname="org.appiumpractice.tests.BaseTest" name="@BeforeClass configureAppium" time="58.573">
    <failure type="org.openqa.selenium.SessionNotCreatedException" message="Could not start a new session. Response code 500. Message: An unknown server-side error occurred while processing the command. Original error: Cannot start the &amp;apos;com.androidsample.generalstore&amp;apos; application. Consider checking the driver&amp;apos;s troubleshooting documentation. Original error: &amp;apos;com.androidsample.generalstore.SplashActivity&amp;apos; or &amp;apos;com.androidsample.generalstore.com.androidsample.generalstore.SplashActivity&amp;apos; never started. Consider checking the driver&amp;apos;s troubleshooting documentation. 
Host info: host: &amp;apos;DESKTOP-J0IH0I7&amp;apos;, ip: &amp;apos;192.168.225.47&amp;apos;
Build info: version: &amp;apos;4.5.0&amp;apos;, revision: &amp;apos;fe167b119a&amp;apos;
System info: os.name: &amp;apos;Windows 10&amp;apos;, os.arch: &amp;apos;amd64&amp;apos;, os.version: &amp;apos;10.0&amp;apos;, java.version: &amp;apos;11.0.0.1&amp;apos;
Driver info: io.appium.java_client.android.AndroidDriver
Command: [null, newSession {capabilities=[{appium:deviceName=HariEmulator, platformName=ANDROID, appium:automationName=UIAutomator2, appium:app=D:\AppiumPractice\AppiumJavaPractice\AppiumFrameworkDesignPractice\src\test\java\resources\General-Store.apk}], desiredCapabilities=Capabilities {appium:app: D:\AppiumPractice\AppiumJav..., appium:automationName: UIAutomator2, appium:deviceName: HariEmulator, platformName: ANDROID}}]
Capabilities {}">
      <![CDATA[org.openqa.selenium.SessionNotCreatedException: Could not start a new session. Response code 500. Message: An unknown server-side error occurred while processing the command. Original error: Cannot start the 'com.androidsample.generalstore' application. Consider checking the driver's troubleshooting documentation. Original error: 'com.androidsample.generalstore.SplashActivity' or 'com.androidsample.generalstore.com.androidsample.generalstore.SplashActivity' never started. Consider checking the driver's troubleshooting documentation. 
Host info: host: 'DESKTOP-J0IH0I7', ip: '192.168.225.47'
Build info: version: '4.5.0', revision: 'fe167b119a'
System info: os.name: 'Windows 10', os.arch: 'amd64', os.version: '10.0', java.version: '11.0.0.1'
Driver info: io.appium.java_client.android.AndroidDriver
Command: [null, newSession {capabilities=[{appium:deviceName=HariEmulator, platformName=ANDROID, appium:automationName=UIAutomator2, appium:app=D:\AppiumPractice\AppiumJavaPractice\AppiumFrameworkDesignPractice\src\test\java\resources\General-Store.apk}], desiredCapabilities=Capabilities {appium:app: D:\AppiumPractice\AppiumJav..., appium:automationName: UIAutomator2, appium:deviceName: HariEmulator, platformName: ANDROID}}]
Capabilities {}
at org.openqa.selenium.remote.ProtocolHandshake.createSession(ProtocolHandshake.java:144)
at io.appium.java_client.remote.AppiumProtocolHandshake.createSession(AppiumProtocolHandshake.java:126)
at io.appium.java_client.remote.AppiumProtocolHandshake.createSession(AppiumProtocolHandshake.java:102)
at io.appium.java_client.remote.AppiumCommandExecutor.createSession(AppiumCommandExecutor.java:155)
at io.appium.java_client.remote.AppiumCommandExecutor.execute(AppiumCommandExecutor.java:189)
at org.openqa.selenium.remote.RemoteWebDriver.execute(RemoteWebDriver.java:547)
at io.appium.java_client.AppiumDriver.startSession(AppiumDriver.java:229)
at org.openqa.selenium.remote.RemoteWebDriver.<init>(RemoteWebDriver.java:157)
at io.appium.java_client.AppiumDriver.<init>(AppiumDriver.java:80)
at io.appium.java_client.AppiumDriver.<init>(AppiumDriver.java:92)
at io.appium.java_client.android.AndroidDriver.<init>(AndroidDriver.java:117)
at org.appiumpractice.tests.BaseTest.configureAppium(BaseTest.java:40)
at java.base/java.util.ArrayList.forEach(ArrayList.java:1540)
... Removed 29 stack frames]]>
    </failure>
  </testcase> <!-- @BeforeClass configureAppium -->
  <testcase classname="org.appiumpractice.tests.BaseTest" name="@AfterClass tearDown" time="0.0">
    <skipped/>
  </testcase> <!-- @AfterClass tearDown -->
  <testcase classname="org.appiumpractice.tests.PlaceOrder" name="placeNewOrder" time="0.0">
    <skipped/>
  </testcase> <!-- placeNewOrder -->
</testsuite> <!-- Test -->
